<?xml version="1.0" encoding="UTF-8"?>
<coverage generated="1537123603548" clover="3.2.0">
  <project timestamp="1537123603548" name="All files">
    <metrics statements="17" coveredstatements="17" conditionals="9" coveredconditionals="9" methods="6" coveredmethods="6" elements="32" coveredelements="32" complexity="0" loc="17" ncloc="17" packages="1" files="4" classes="4">
      <file name="authActionCreators.js" path="/Users/andy/tools/redux-auth/src/authActionCreators.js">
        <metrics statements="4" coveredstatements="4" conditionals="0" coveredconditionals="0" methods="3" coveredmethods="3"/>
        <line num="8" count="3" type="stmt"/>
        <line num="9" count="2" type="stmt"/>
        <line num="13" count="3" type="stmt"/>
        <line num="17" count="7" type="stmt"/>
      </file>
      <file name="authActions.js" path="/Users/andy/tools/redux-auth/src/authActions.js">
        <metrics statements="3" coveredstatements="3" conditionals="0" coveredconditionals="0" methods="0" coveredmethods="0"/>
        <line num="2" count="3" type="stmt"/>
        <line num="3" count="3" type="stmt"/>
        <line num="4" count="3" type="stmt"/>
      </file>
      <file name="authReducer.js" path="/Users/andy/tools/redux-auth/src/authReducer.js">
        <metrics statements="7" coveredstatements="7" conditionals="9" coveredconditionals="9" methods="1" coveredmethods="1"/>
        <line num="28" count="2" type="stmt"/>
        <line num="37" count="2" type="cond" truecount="1" falsecount="0"/>
        <line num="38" count="13" type="cond" truecount="4" falsecount="0"/>
        <line num="40" count="1" type="stmt"/>
        <line num="43" count="2" type="stmt"/>
        <line num="53" count="6" type="stmt"/>
        <line num="63" count="4" type="stmt"/>
      </file>
      <file name="withAuth.js" path="/Users/andy/tools/redux-auth/src/withAuth.js">
        <metrics statements="3" coveredstatements="3" conditionals="0" coveredconditionals="0" methods="2" coveredmethods="2"/>
        <line num="6" count="1" type="stmt"/>
        <line num="7" count="1" type="stmt"/>
        <line num="11" count="1" type="stmt"/>
      </file>
    </metrics>
  </project>
</coverage>
