{"/Users/andy/tools/redux-auth/src/authActionCreators.js": {"path":"/Users/andy/tools/redux-auth/src/authActionCreators.js","statementMap":{"0":{"start":{"line":8,"column":27},"end":{"line":21,"column":1}},"1":{"start":{"line":9,"column":28},"end":{"line":11,"column":5}},"2":{"start":{"line":13,"column":27},"end":{"line":15,"column":5}},"3":{"start":{"line":17,"column":88},"end":{"line":20,"column":5}}},"fnMap":{"0":{"name":"(anonymous_0)","decl":{"start":{"line":9,"column":20},"end":{"line":9,"column":21}},"loc":{"start":{"line":9,"column":28},"end":{"line":11,"column":5}},"line":9},"1":{"name":"(anonymous_1)","decl":{"start":{"line":13,"column":19},"end":{"line":13,"column":20}},"loc":{"start":{"line":13,"column":27},"end":{"line":15,"column":5}},"line":13},"2":{"name":"(anonymous_2)","decl":{"start":{"line":17,"column":22},"end":{"line":17,"column":23}},"loc":{"start":{"line":17,"column":88},"end":{"line":20,"column":5}},"line":17}},"branchMap":{},"s":{"0":3,"1":2,"2":3,"3":7},"f":{"0":2,"1":3,"2":7},"b":{},"_coverageSchema":"332fd63041d2c1bcb487cc26dd0d5f7d97098a6c","hash":"63318d668a3798bf1bef34d5d66c7e190249e8bb"}
,"/Users/andy/tools/redux-auth/src/authActions.js": {"path":"/Users/andy/tools/redux-auth/src/authActions.js","statementMap":{"0":{"start":{"line":2,"column":32},"end":{"line":2,"column":50}},"1":{"start":{"line":3,"column":31},"end":{"line":3,"column":48}},"2":{"start":{"line":4,"column":34},"end":{"line":4,"column":54}}},"fnMap":{},"branchMap":{},"s":{"0":3,"1":3,"2":3},"f":{},"b":{},"_coverageSchema":"332fd63041d2c1bcb487cc26dd0d5f7d97098a6c","hash":"0166722da32134756eb69ace688cddae27ac91ae"}
,"/Users/andy/tools/redux-auth/src/authReducer.js": {"path":"/Users/andy/tools/redux-auth/src/authReducer.js","statementMap":{"0":{"start":{"line":28,"column":28},"end":{"line":35,"column":1}},"1":{"start":{"line":37,"column":20},"end":{"line":65,"column":1}},"2":{"start":{"line":38,"column":4},"end":{"line":64,"column":5}},"3":{"start":{"line":40,"column":12},"end":{"line":40,"column":63}},"4":{"start":{"line":43,"column":12},"end":{"line":50,"column":13}},"5":{"start":{"line":53,"column":12},"end":{"line":60,"column":13}},"6":{"start":{"line":63,"column":12},"end":{"line":63,"column":24}}},"fnMap":{"0":{"name":"(anonymous_0)","decl":{"start":{"line":37,"column":20},"end":{"line":37,"column":21}},"loc":{"start":{"line":37,"column":83},"end":{"line":65,"column":1}},"line":37}},"branchMap":{"0":{"loc":{"start":{"line":37,"column":22},"end":{"line":37,"column":53}},"type":"default-arg","locations":[{"start":{"line":37,"column":41},"end":{"line":37,"column":53}}],"line":37},"1":{"loc":{"start":{"line":38,"column":4},"end":{"line":64,"column":5}},"type":"switch","locations":[{"start":{"line":39,"column":8},"end":{"line":40,"column":63}},{"start":{"line":42,"column":8},"end":{"line":50,"column":13}},{"start":{"line":52,"column":8},"end":{"line":60,"column":13}},{"start":{"line":62,"column":8},"end":{"line":63,"column":24}}],"line":38},"2":{"loc":{"start":{"line":54,"column":22},"end":{"line":54,"column":47}},"type":"binary-expr","locations":[{"start":{"line":54,"column":22},"end":{"line":54,"column":41}},{"start":{"line":54,"column":45},"end":{"line":54,"column":47}}],"line":54},"3":{"loc":{"start":{"line":55,"column":20},"end":{"line":55,"column":87}},"type":"cond-expr","locations":[{"start":{"line":55,"column":63},"end":{"line":55,"column":67}},{"start":{"line":55,"column":70},"end":{"line":55,"column":87}}],"line":55}},"s":{"0":2,"1":2,"2":13,"3":1,"4":2,"5":6,"6":4},"f":{"0":13},"b":{"0":[4],"1":[1,2,6,4],"2":[6,4],"3":[1,5]},"_coverageSchema":"332fd63041d2c1bcb487cc26dd0d5f7d97098a6c","hash":"4dc2627ae395f29fd31a1b056c87bc927104fb83"}
,"/Users/andy/tools/redux-auth/src/withAuth.js": {"path":"/Users/andy/tools/redux-auth/src/withAuth.js","statementMap":{"0":{"start":{"line":6,"column":17},"end":{"line":12,"column":1}},"1":{"start":{"line":7,"column":28},"end":{"line":9,"column":7}},"2":{"start":{"line":7,"column":39},"end":{"line":9,"column":5}},"3":{"start":{"line":11,"column":4},"end":{"line":11,"column":70}}},"fnMap":{"0":{"name":"(anonymous_0)","decl":{"start":{"line":6,"column":17},"end":{"line":6,"column":18}},"loc":{"start":{"line":6,"column":40},"end":{"line":12,"column":1}},"line":6},"1":{"name":"(anonymous_1)","decl":{"start":{"line":7,"column":28},"end":{"line":7,"column":29}},"loc":{"start":{"line":7,"column":39},"end":{"line":9,"column":5}},"line":7}},"branchMap":{},"s":{"0":1,"1":1,"2":1,"3":1},"f":{"0":1,"1":1},"b":{},"_coverageSchema":"332fd63041d2c1bcb487cc26dd0d5f7d97098a6c","hash":"a24a610d1e94aa1d8b46a8934c2406639d2e3811"}
}
