{"/Users/andy/tools/redux-auth/src/authActionCreators.js": {"path":"/Users/andy/tools/redux-auth/src/authActionCreators.js","statementMap":{"0":{"start":{"line":11,"column":27},"end":{"line":37,"column":1}},"1":{"start":{"line":12,"column":44},"end":{"line":15,"column":5}},"2":{"start":{"line":17,"column":55},"end":{"line":20,"column":5}},"3":{"start":{"line":22,"column":28},"end":{"line":24,"column":5}},"4":{"start":{"line":26,"column":25},"end":{"line":28,"column":5}},"5":{"start":{"line":30,"column":27},"end":{"line":32,"column":5}},"6":{"start":{"line":34,"column":30},"end":{"line":36,"column":5}}},"fnMap":{"0":{"name":"(anonymous_0)","decl":{"start":{"line":12,"column":15},"end":{"line":12,"column":16}},"loc":{"start":{"line":12,"column":44},"end":{"line":15,"column":5}},"line":12},"1":{"name":"(anonymous_1)","decl":{"start":{"line":17,"column":17},"end":{"line":17,"column":18}},"loc":{"start":{"line":17,"column":55},"end":{"line":20,"column":5}},"line":17},"2":{"name":"(anonymous_2)","decl":{"start":{"line":22,"column":20},"end":{"line":22,"column":21}},"loc":{"start":{"line":22,"column":28},"end":{"line":24,"column":5}},"line":22},"3":{"name":"(anonymous_3)","decl":{"start":{"line":26,"column":17},"end":{"line":26,"column":18}},"loc":{"start":{"line":26,"column":25},"end":{"line":28,"column":5}},"line":26},"4":{"name":"(anonymous_4)","decl":{"start":{"line":30,"column":19},"end":{"line":30,"column":20}},"loc":{"start":{"line":30,"column":27},"end":{"line":32,"column":5}},"line":30},"5":{"name":"(anonymous_5)","decl":{"start":{"line":34,"column":22},"end":{"line":34,"column":23}},"loc":{"start":{"line":34,"column":30},"end":{"line":36,"column":5}},"line":34}},"branchMap":{},"s":{"0":2,"1":4,"2":3,"3":2,"4":2,"5":2,"6":2},"f":{"0":4,"1":3,"2":2,"3":2,"4":2,"5":2},"b":{},"_coverageSchema":"332fd63041d2c1bcb487cc26dd0d5f7d97098a6c","hash":"ebe9f00e8c96c41255f702a1a57bc548eefab81c"}
,"/Users/andy/tools/redux-auth/src/authActions.js": {"path":"/Users/andy/tools/redux-auth/src/authActions.js","statementMap":{"0":{"start":{"line":2,"column":27},"end":{"line":2,"column":40}},"1":{"start":{"line":3,"column":29},"end":{"line":3,"column":44}},"2":{"start":{"line":4,"column":32},"end":{"line":4,"column":50}},"3":{"start":{"line":5,"column":29},"end":{"line":5,"column":44}},"4":{"start":{"line":6,"column":31},"end":{"line":6,"column":48}},"5":{"start":{"line":7,"column":34},"end":{"line":7,"column":54}}},"fnMap":{},"branchMap":{},"s":{"0":2,"1":2,"2":2,"3":2,"4":2,"5":2},"f":{},"b":{},"_coverageSchema":"332fd63041d2c1bcb487cc26dd0d5f7d97098a6c","hash":"d419d99ef1d9d8e62b90fcea9ece7c8a0cdbfa87"}
,"/Users/andy/tools/redux-auth/src/authReducer.js": {"path":"/Users/andy/tools/redux-auth/src/authReducer.js","statementMap":{"0":{"start":{"line":37,"column":28},"end":{"line":44,"column":1}},"1":{"start":{"line":46,"column":20},"end":{"line":81,"column":1}},"2":{"start":{"line":47,"column":4},"end":{"line":80,"column":5}},"3":{"start":{"line":49,"column":12},"end":{"line":49,"column":69}},"4":{"start":{"line":52,"column":12},"end":{"line":52,"column":53}},"5":{"start":{"line":55,"column":12},"end":{"line":55,"column":63}},"6":{"start":{"line":58,"column":12},"end":{"line":58,"column":63}},"7":{"start":{"line":61,"column":12},"end":{"line":67,"column":13}},"8":{"start":{"line":70,"column":12},"end":{"line":76,"column":13}},"9":{"start":{"line":79,"column":12},"end":{"line":79,"column":24}}},"fnMap":{"0":{"name":"(anonymous_0)","decl":{"start":{"line":46,"column":20},"end":{"line":46,"column":21}},"loc":{"start":{"line":46,"column":83},"end":{"line":81,"column":1}},"line":46}},"branchMap":{"0":{"loc":{"start":{"line":46,"column":22},"end":{"line":46,"column":53}},"type":"default-arg","locations":[{"start":{"line":46,"column":41},"end":{"line":46,"column":53}}],"line":46},"1":{"loc":{"start":{"line":47,"column":4},"end":{"line":80,"column":5}},"type":"switch","locations":[{"start":{"line":48,"column":8},"end":{"line":49,"column":69}},{"start":{"line":51,"column":8},"end":{"line":52,"column":53}},{"start":{"line":54,"column":8},"end":{"line":55,"column":63}},{"start":{"line":57,"column":8},"end":{"line":58,"column":63}},{"start":{"line":60,"column":8},"end":{"line":67,"column":13}},{"start":{"line":69,"column":8},"end":{"line":76,"column":13}},{"start":{"line":78,"column":8},"end":{"line":79,"column":24}}],"line":47}},"s":{"0":1,"1":1,"2":10,"3":3,"4":2,"5":1,"6":1,"7":1,"8":1,"9":1},"f":{"0":10},"b":{"0":[1],"1":[3,2,1,1,1,1,1]},"_coverageSchema":"332fd63041d2c1bcb487cc26dd0d5f7d97098a6c","hash":"4b3ca0ca8a7d62bab902826b6661b041504b62ce"}
}
