TN:
SF:/Users/andy/tools/redux-auth/src/authActionCreators.js
FN:9,(anonymous_0)
FN:13,(anonymous_1)
FN:17,(anonymous_2)
FNF:3
FNH:3
FNDA:2,(anonymous_0)
FNDA:3,(anonymous_1)
FNDA:7,(anonymous_2)
DA:8,3
DA:9,2
DA:13,3
DA:17,7
LF:4
LH:4
BRF:0
BRH:0
end_of_record
TN:
SF:/Users/andy/tools/redux-auth/src/authActions.js
FNF:0
FNH:0
DA:2,3
DA:3,3
DA:4,3
LF:3
LH:3
BRF:0
BRH:0
end_of_record
TN:
SF:/Users/andy/tools/redux-auth/src/authReducer.js
FN:37,(anonymous_0)
FNF:1
FNH:1
FNDA:13,(anonymous_0)
DA:28,2
DA:37,2
DA:38,13
DA:40,1
DA:43,2
DA:53,6
DA:63,4
LF:7
LH:7
BRDA:37,0,0,4
BRDA:38,1,0,1
BRDA:38,1,1,2
BRDA:38,1,2,6
BRDA:38,1,3,4
BRDA:54,2,0,6
BRDA:54,2,1,4
BRDA:55,3,0,1
BRDA:55,3,1,5
BRF:9
BRH:9
end_of_record
TN:
SF:/Users/andy/tools/redux-auth/src/withAuth.js
FN:6,(anonymous_0)
FN:7,(anonymous_1)
FNF:2
FNH:2
FNDA:1,(anonymous_0)
FNDA:1,(anonymous_1)
DA:6,1
DA:7,1
DA:11,1
LF:3
LH:3
BRF:0
BRH:0
end_of_record
