TN:
SF:/Users/andy/tools/redux-auth/src/authActionCreators.js
FN:12,(anonymous_0)
FN:17,(anonymous_1)
FN:22,(anonymous_2)
FN:26,(anonymous_3)
FN:30,(anonymous_4)
FN:34,(anonymous_5)
FNF:6
FNH:6
FNDA:4,(anonymous_0)
FNDA:3,(anonymous_1)
FNDA:2,(anonymous_2)
FNDA:2,(anonymous_3)
FNDA:2,(anonymous_4)
FNDA:2,(anonymous_5)
DA:11,2
DA:12,4
DA:17,3
DA:22,2
DA:26,2
DA:30,2
DA:34,2
LF:7
LH:7
BRF:0
BRH:0
end_of_record
TN:
SF:/Users/andy/tools/redux-auth/src/authActions.js
FNF:0
FNH:0
DA:2,2
DA:3,2
DA:4,2
DA:5,2
DA:6,2
DA:7,2
LF:6
LH:6
BRF:0
BRH:0
end_of_record
TN:
SF:/Users/andy/tools/redux-auth/src/authReducer.js
FN:46,(anonymous_0)
FNF:1
FNH:1
FNDA:10,(anonymous_0)
DA:37,1
DA:46,1
DA:47,10
DA:49,3
DA:52,2
DA:55,1
DA:58,1
DA:61,1
DA:70,1
DA:79,1
LF:10
LH:10
BRDA:46,0,0,1
BRDA:47,1,0,3
BRDA:47,1,1,2
BRDA:47,1,2,1
BRDA:47,1,3,1
BRDA:47,1,4,1
BRDA:47,1,5,1
BRDA:47,1,6,1
BRF:8
BRH:8
end_of_record
